Determining if the pthread_create exist failed with the following output:
Change Dir: /home/cs18/GAMES101/GAMES101_Homework_S2021/GAMES101_Homework7_S2021/Assignment7/build/CMakeFiles/CMakeTmp

Run Build Command:"/usr/bin/make" "cmTC_897e8/fast"
make[1]: Entering directory '/home/cs18/GAMES101/GAMES101_Homework_S2021/GAMES101_Homework7_S2021/Assignment7/build/CMakeFiles/CMakeTmp'
/usr/bin/make -f CMakeFiles/cmTC_897e8.dir/build.make CMakeFiles/cmTC_897e8.dir/build
make[2]: Entering directory '/home/cs18/GAMES101/GAMES101_Homework_S2021/GAMES101_Homework7_S2021/Assignment7/build/CMakeFiles/CMakeTmp'
Building C object CMakeFiles/cmTC_897e8.dir/CheckSymbolExists.c.o
/usr/bin/cc    -o CMakeFiles/cmTC_897e8.dir/CheckSymbolExists.c.o   -c /home/cs18/GAMES101/GAMES101_Homework_S2021/GAMES101_Homework7_S2021/Assignment7/build/CMakeFiles/CMakeTmp/CheckSymbolExists.c
Linking C executable cmTC_897e8
/usr/bin/cmake -E cmake_link_script CMakeFiles/cmTC_897e8.dir/link.txt --verbose=1
/usr/bin/cc      CMakeFiles/cmTC_897e8.dir/CheckSymbolExists.c.o  -o cmTC_897e8 
CMakeFiles/cmTC_897e8.dir/CheckSymbolExists.c.o: In function `main':
CheckSymbolExists.c:(.text+0x1b): undefined reference to `pthread_create'
collect2: error: ld returned 1 exit status
CMakeFiles/cmTC_897e8.dir/build.make:97: recipe for target 'cmTC_897e8' failed
make[2]: *** [cmTC_897e8] Error 1
make[2]: Leaving directory '/home/cs18/GAMES101/GAMES101_Homework_S2021/GAMES101_Homework7_S2021/Assignment7/build/CMakeFiles/CMakeTmp'
Makefile:126: recipe for target 'cmTC_897e8/fast' failed
make[1]: *** [cmTC_897e8/fast] Error 2
make[1]: Leaving directory '/home/cs18/GAMES101/GAMES101_Homework_S2021/GAMES101_Homework7_S2021/Assignment7/build/CMakeFiles/CMakeTmp'

File /home/cs18/GAMES101/GAMES101_Homework_S2021/GAMES101_Homework7_S2021/Assignment7/build/CMakeFiles/CMakeTmp/CheckSymbolExists.c:
/* */
#include <pthread.h>

int main(int argc, char** argv)
{
  (void)argv;
#ifndef pthread_create
  return ((int*)(&pthread_create))[argc];
#else
  (void)argc;
  return 0;
#endif
}

Determining if the function pthread_create exists in the pthreads failed with the following output:
Change Dir: /home/cs18/GAMES101/GAMES101_Homework_S2021/GAMES101_Homework7_S2021/Assignment7/build/CMakeFiles/CMakeTmp

Run Build Command:"/usr/bin/make" "cmTC_b75a6/fast"
make[1]: Entering directory '/home/cs18/GAMES101/GAMES101_Homework_S2021/GAMES101_Homework7_S2021/Assignment7/build/CMakeFiles/CMakeTmp'
/usr/bin/make -f CMakeFiles/cmTC_b75a6.dir/build.make CMakeFiles/cmTC_b75a6.dir/build
make[2]: Entering directory '/home/cs18/GAMES101/GAMES101_Homework_S2021/GAMES101_Homework7_S2021/Assignment7/build/CMakeFiles/CMakeTmp'
Building C object CMakeFiles/cmTC_b75a6.dir/CheckFunctionExists.c.o
/usr/bin/cc   -DCHECK_FUNCTION_EXISTS=pthread_create   -o CMakeFiles/cmTC_b75a6.dir/CheckFunctionExists.c.o   -c /usr/share/cmake-3.10/Modules/CheckFunctionExists.c
Linking C executable cmTC_b75a6
/usr/bin/cmake -E cmake_link_script CMakeFiles/cmTC_b75a6.dir/link.txt --verbose=1
/usr/bin/cc  -DCHECK_FUNCTION_EXISTS=pthread_create    CMakeFiles/cmTC_b75a6.dir/CheckFunctionExists.c.o  -o cmTC_b75a6 -lpthreads 
/usr/bin/ld: cannot find -lpthreads
collect2: error: ld returned 1 exit status
CMakeFiles/cmTC_b75a6.dir/build.make:97: recipe for target 'cmTC_b75a6' failed
make[2]: *** [cmTC_b75a6] Error 1
make[2]: Leaving directory '/home/cs18/GAMES101/GAMES101_Homework_S2021/GAMES101_Homework7_S2021/Assignment7/build/CMakeFiles/CMakeTmp'
Makefile:126: recipe for target 'cmTC_b75a6/fast' failed
make[1]: *** [cmTC_b75a6/fast] Error 2
make[1]: Leaving directory '/home/cs18/GAMES101/GAMES101_Homework_S2021/GAMES101_Homework7_S2021/Assignment7/build/CMakeFiles/CMakeTmp'


